src/main/android/app/build/intermediates/manifest_merge_blame_file/debug/manifest-merger-blame-debug-report.txt
1<?xml version="1.0" encoding="utf-8"?>
2<manifest xmlns:android="http://schemas.android.com/apk/res/android"
3    package="com.arise.droid"
4    android:versionCode="1"
5    android:versionName="1.0" >
6
7    <uses-sdk
8        android:minSdkVersion="16"
8-->src\main\AndroidManifest.xml
9        android:targetSdkVersion="30" />
9-->src\main\AndroidManifest.xml
10
11    <uses-permission android:name="android.permission.BLUETOOTH_ADMIN" />
11-->src\main\AndroidManifest.xml:5:5-74
11-->src\main\AndroidManifest.xml:5:22-71
12    <uses-permission android:name="android.permission.FOREGROUND_SERVICE" />
12-->src\main\AndroidManifest.xml:6:5-77
12-->src\main\AndroidManifest.xml:6:22-74
13
14    <uses-feature android:name="android.hardware.camera" />
14-->src\main\AndroidManifest.xml:8:5-60
14-->src\main\AndroidManifest.xml:8:19-57
15
16    <uses-permission android:name="android.permission.CAMERA" />
16-->src\main\AndroidManifest.xml:10:5-65
16-->src\main\AndroidManifest.xml:10:22-62
17
18    <uses-feature android:name="android.hardware.camera" />
18-->src\main\AndroidManifest.xml:8:5-60
18-->src\main\AndroidManifest.xml:8:19-57
19    <uses-feature android:name="android.hardware.camera.autofocus" />
19-->src\main\AndroidManifest.xml:13:5-70
19-->src\main\AndroidManifest.xml:13:19-67
20    <uses-feature android:name="android.hardware.camera2.full" />
20-->src\main\AndroidManifest.xml:14:5-66
20-->src\main\AndroidManifest.xml:14:19-63
21    <uses-feature
21-->src\main\AndroidManifest.xml:15:5-17:36
22        android:name="android.hardware.sensor.accelerometer"
22-->src\main\AndroidManifest.xml:16:9-61
23        android:required="false" />
23-->src\main\AndroidManifest.xml:17:9-33
24
25    <uses-permission android:name="android.permission.CAMERA" />
25-->src\main\AndroidManifest.xml:10:5-65
25-->src\main\AndroidManifest.xml:10:22-62
26    <uses-permission android:name="android.permission.RECORD_AUDIO" />
26-->src\main\AndroidManifest.xml:20:5-71
26-->src\main\AndroidManifest.xml:20:22-68
27    <uses-permission android:name="android.hardware.usb.host" />
27-->src\main\AndroidManifest.xml:21:5-65
27-->src\main\AndroidManifest.xml:21:22-62
28    <uses-permission android:name="android.permission.BLUETOOTH" />
28-->src\main\AndroidManifest.xml:22:5-68
28-->src\main\AndroidManifest.xml:22:22-65
29    <uses-permission android:name="android.permission.INTERNET" />
29-->src\main\AndroidManifest.xml:23:5-67
29-->src\main\AndroidManifest.xml:23:22-64
30    <uses-permission android:name="android.permission.ACCESS_NETWORK_STATE" />
30-->src\main\AndroidManifest.xml:24:5-79
30-->src\main\AndroidManifest.xml:24:22-76
31    <uses-permission android:name="android.permission.CAMERA" />
31-->src\main\AndroidManifest.xml:10:5-65
31-->src\main\AndroidManifest.xml:10:22-62
32    <uses-permission android:name="android.permission.VIBRATE" />
32-->src\main\AndroidManifest.xml:26:5-66
32-->src\main\AndroidManifest.xml:26:22-63
33    <uses-permission android:name="android.permission.READ_EXTERNAL_STORAGE" />
33-->src\main\AndroidManifest.xml:27:5-80
33-->src\main\AndroidManifest.xml:27:22-77
34    <uses-permission android:name="android.permission.WRITE_EXTERNAL_STORAGE" />
34-->src\main\AndroidManifest.xml:28:5-81
34-->src\main\AndroidManifest.xml:28:22-78
35    <uses-permission android:name="android.permission.ACCESS_WIFI_STATE" />
35-->src\main\AndroidManifest.xml:29:5-76
35-->src\main\AndroidManifest.xml:29:22-73
36    <uses-permission android:name="android.permission.CHANGE_WIFI_MULTICAST_STATE" /> <!-- used by foreground service: -->
36-->src\main\AndroidManifest.xml:30:5-86
36-->src\main\AndroidManifest.xml:30:22-83
37    <uses-permission android:name="android.permission.FOREGROUND_SERVICE" />
37-->src\main\AndroidManifest.xml:6:5-77
37-->src\main\AndroidManifest.xml:6:22-74
38    <uses-permission android:name="android.permission.WAKE_LOCK" />
38-->src\main\AndroidManifest.xml:32:5-68
38-->src\main\AndroidManifest.xml:32:22-65
39    <uses-permission android:name="android.permission.FLASHLIGHT" />
39-->src\main\AndroidManifest.xml:33:5-69
39-->src\main\AndroidManifest.xml:33:22-66
40
41    <application
41-->src\main\AndroidManifest.xml:35:5-78:19
42        android:allowBackup="true"
42-->src\main\AndroidManifest.xml:36:9-35
43        android:appComponentFactory="androidx.core.app.CoreComponentFactory"
43-->[androidx.core:core:1.0.1] AndroidManifest.xml:22:18-86
44        android:configChanges="orientation"
44-->src\main\AndroidManifest.xml:37:9-44
45        android:debuggable="true"
46        android:icon="@mipmap/ic_launcher"
46-->src\main\AndroidManifest.xml:38:9-43
47        android:label="@string/app_name"
47-->src\main\AndroidManifest.xml:39:9-41
48        android:roundIcon="@mipmap/ic_launcher_round"
48-->src\main\AndroidManifest.xml:40:9-54
49        android:supportsRtl="true"
49-->src\main\AndroidManifest.xml:41:9-35
50        android:testOnly="true"
51        android:theme="@style/AppTheme"
51-->src\main\AndroidManifest.xml:42:9-40
52        android:usesCleartextTraffic="true" >
52-->src\main\AndroidManifest.xml:43:9-44
53
54        <!-- USED BY SMARTVIEW SDK -->
55        <!-- <uses-library android:name="org.apache.http.legacy" android:required="false" /> -->
56        <!-- <receiver android:name=".NewAppWidget"> -->
57        <!-- <intent-filter> -->
58        <!-- <action android:name="android.appwidget.action.APPWIDGET_UPDATE" /> -->
59        <!-- </intent-filter> -->
60        <!-- <meta-data -->
61        <!-- android:name="android.appwidget.provider" -->
62        <!-- android:resource="@xml/new_app_widget_info" /> -->
63        <!-- </receiver> -->
64        <!-- <receiver -->
65        <!-- android:name=".Restarter" -->
66        <!-- android:enabled="true" -->
67        <!-- android:exported="true"> -->
68        <!-- <intent-filter> -->
69        <!-- <action android:name="restartservice" /> -->
70        <!-- </intent-filter> -->
71        <!-- </receiver> -->
72        <activity
72-->src\main\AndroidManifest.xml:62:9-72:20
73            android:name="com.arise.droid.MainActivity"
73-->src\main\AndroidManifest.xml:63:13-41
74            android:launchMode="singleInstance"
74-->src\main\AndroidManifest.xml:64:13-48
75            android:screenOrientation="portrait"
75-->src\main\AndroidManifest.xml:65:13-49
76            android:windowSoftInputMode="stateHidden|adjustResize" >
76-->src\main\AndroidManifest.xml:66:13-67
77            <intent-filter>
77-->src\main\AndroidManifest.xml:67:13-71:29
78                <action android:name="android.intent.action.MAIN" />
78-->src\main\AndroidManifest.xml:68:17-69
78-->src\main\AndroidManifest.xml:68:25-66
79
80                <category android:name="android.intent.category.LAUNCHER" />
80-->src\main\AndroidManifest.xml:70:17-77
80-->src\main\AndroidManifest.xml:70:27-74
81            </intent-filter>
82        </activity>
83
84        <service
84-->src\main\AndroidManifest.xml:74:9-77:39
85            android:name="com.arise.droid.ServerService"
85-->src\main\AndroidManifest.xml:75:13-42
86            android:enabled="true"
86-->src\main\AndroidManifest.xml:76:13-35
87            android:exported="false" />
87-->src\main\AndroidManifest.xml:77:13-37
88    </application>
89
90</manifest>